2026-03-22 20:39:25,479 - calculator - INFO - Aplicación iniciada:
2026-03-22 20:39:27,637 - calculator - INFO - Botón pulsado: 8
2026-03-22 20:39:28,819 - calculator - INFO - Botón pulsado: 7
2026-03-22 20:39:30,213 - calculator - INFO - Botón pulsado: 9
2026-03-22 20:39:47,835 - calculator - INFO - Botón pulsado: 3
2026-03-22 20:39:51,469 - calculator - INFO - Botón pulsado: *
2026-03-22 20:39:53,333 - calculator - INFO - Botón pulsado: 3
2026-03-22 20:39:55,360 - calculator - INFO - Botón pulsado: +
2026-03-22 20:39:58,862 - calculator - INFO - Evaluando: 8793*3+
2026-03-22 20:39:58,862 - calculator - ERROR - Error en evaluación: invalid syntax (<string>, line 1)
2026-03-22 20:39:58,863 - calculator - ERROR - Error en cálculo
2026-03-22 20:40:18,107 - calculator - INFO - Botón pulsado: 5
2026-03-22 20:40:19,576 - calculator - INFO - Botón pulsado: *
2026-03-22 20:40:20,488 - calculator - INFO - Botón pulsado: 5
2026-03-22 20:40:21,835 - calculator - INFO - Evaluando: 5*5
2026-03-22 20:40:21,835 - calculator - INFO - Resultado: 25
2026-03-22 20:43:15,565 - calculator - INFO - Aplicación iniciada:
2026-03-22 20:43:18,354 - calculator - INFO - Botón pulsado: 8
2026-03-22 20:43:21,582 - calculator - INFO - Botón pulsado: +
2026-03-22 20:43:22,679 - calculator - INFO - Botón pulsado: 3
2026-03-22 20:43:25,039 - calculator - INFO - Evaluando: 8+3
2026-03-22 20:43:25,040 - calculator - INFO - Resultado: 11
2026-03-22 20:43:28,805 - calculator - INFO - Botón pulsado: -
2026-03-22 20:43:30,122 - calculator - INFO - Botón pulsado: 6
2026-03-22 20:43:31,088 - calculator - INFO - Evaluando: 11-6
2026-03-22 20:43:31,088 - calculator - INFO - Resultado: 5
2026-03-22 20:43:32,513 - calculator - INFO - Botón pulsado: /
2026-03-22 20:43:33,860 - calculator - INFO - Botón pulsado: 3
2026-03-22 20:43:34,636 - calculator - INFO - Evaluando: 5/3
2026-03-22 20:43:34,636 - calculator - INFO - Resultado: 1.6666666666666667
2026-03-22 20:43:39,341 - calculator - INFO - Botón pulsado: *
2026-03-22 20:43:40,191 - calculator - INFO - Botón pulsado: 6
2026-03-22 20:43:41,913 - calculator - INFO - Evaluando: 1.6666666666666667*6
2026-03-22 20:43:41,914 - calculator - INFO - Resultado: 10.0
